daliuge_common-1.0.0.dist-info
pip
pip-20.3.1.dist-info
zope.interface-5.2.0.dist-info
zope.interface-5.2.0-py3.7-nspkg.pth
zope.event-4.5.0.dist-info
zope.event-4.5.0-py3.6-nspkg.pth
zope
zmq
websocket_client-0.57.0.dist-info
websocket
pyzmq.libs
pyzmq-20.0.0.dist-info
lockfile-0.12.2.dist-info
lockfile
ifaddr-0.1.7.dist-info
ifaddr
greenlet.cpython-37m-x86_64-linux-gnu.so
greenlet-0.4.17.dist-info
gevent
zerorpc-0.6.3.dist-info
zerorpc
zeroconf-0.28.7.dist-info
zeroconf
validate.py
scp.py
scp-0.13.3.dist-info
python_daemon-2.2.4.dist-info
netifaces.cpython-37m-x86_64-linux-gnu.so
netifaces-0.10.9.dist-info
lib64_dist.pth
gevent-20.9.0.dist-info
docker-4.4.0.dist-info
docker
dlg
dill-0.3.3.dist-info
dill
daliuge_engine-1.0.0.dist-info
daemon
crc32c.cpython-37m-x86_64-linux-gnu.so
crc32c-2.2.dist-info
configobj.py
configobj-5.0.6.dist-info
bottle.py
bottle-0.12.19.dist-info
